<?xml version="1.0" encoding="UTF-8"?>
<!-- Generated by org.testng.reporters.JUnitReportReporter -->
<testsuite hostname="CL-NB-650" failures="0" tests="1" name="test.CasosDePruebaGoogle" time="69.230" errors="0" timestamp="04 oct. 2022 20:38:30 GMT" skipped="0">
  <testcase classname="test.CasosDePruebaGoogle" name="CP001_ObtenerPlanEnLinea_RetomarSolicitud_codigoErroneo" time="69.230"/>
</testsuite> <!-- test.CasosDePruebaGoogle -->
