<?xml version="1.0" encoding="UTF-8"?>
<!-- Generated by org.testng.reporters.JUnitReportReporter -->
<testsuite hostname="CL-NB-650" failures="0" tests="1" name="test.CasosDePruebaFalabella" time="66.755" errors="0" timestamp="04 oct. 2022 20:38:30 GMT" skipped="0">
  <testcase classname="test.CasosDePruebaFalabella" name="CP001_Agregar_Carrito_Compra_audifonos" time="66.755"/>
</testsuite> <!-- test.CasosDePruebaFalabella -->
